TN:
SF:src/modules/candle/useCases/CandleCreate/CandleCreate.service.ts
FN:12,(anonymous_5)
FN:25,(anonymous_6)
FN:28,(anonymous_7)
FN:32,(anonymous_8)
FNF:4
FNH:2
FNDA:1,(anonymous_5)
FNDA:0,(anonymous_6)
FNDA:1,(anonymous_7)
FNDA:0,(anonymous_8)
DA:1,1
DA:2,1
DA:5,1
DA:6,1
DA:9,1
DA:14,1
DA:18,1
DA:25,1
DA:29,1
DA:30,1
DA:32,1
DA:33,0
DA:34,0
DA:36,0
DA:39,1
LF:15
LH:12
BRF:0
BRH:0
end_of_record
TN:
SF:src/modules/candle/useCases/FindLastCandles/FindLastCandles.service.ts
FN:8,(anonymous_4)
FN:13,(anonymous_5)
FNF:2
FNH:2
FNDA:1,(anonymous_4)
FNDA:1,(anonymous_5)
DA:4,1
DA:7,1
DA:10,1
DA:14,1
LF:4
LH:4
BRF:0
BRH:0
end_of_record
