TN:
SF:src/modules/candle/useCases/CandleCreate/CandleCreate.service.ts
FN:12,(anonymous_5)
FN:19,(anonymous_6)
FN:30,(anonymous_7)
FN:36,(anonymous_8)
FNF:4
FNH:3
FNDA:1,(anonymous_5)
FNDA:1,(anonymous_6)
FNDA:1,(anonymous_7)
FNDA:0,(anonymous_8)
DA:1,1
DA:2,1
DA:5,1
DA:6,1
DA:9,1
DA:14,1
DA:16,1
DA:20,1
DA:27,1
DA:31,1
DA:33,1
DA:34,1
DA:36,1
DA:37,0
DA:38,0
DA:40,0
DA:41,0
DA:43,0
DA:44,0
DA:47,1
DA:48,1
LF:21
LH:15
BRDA:44,0,0,0
BRF:1
BRH:0
end_of_record
TN:
SF:src/modules/candle/useCases/FindLastCandles/FindLastCandles.service.ts
FN:8,(anonymous_4)
FN:13,(anonymous_5)
FNF:2
FNH:2
FNDA:1,(anonymous_4)
FNDA:1,(anonymous_5)
DA:4,1
DA:7,1
DA:10,1
DA:14,1
LF:4
LH:4
BRF:0
BRH:0
end_of_record
